<?xml version="1.0" encoding="UTF-8"?>
<!-- Generated by org.testng.reporters.JUnitReportReporter -->
<testsuite hostname="MPL-3DJB5Y2" failures="0" tests="2" name="seleniumtest.Seleniumtest" time="20.448" errors="0" timestamp="2020-10-16T04:08:37 IST" skipped="0">
  <testcase classname="seleniumtest.Seleniumtest" name="LaunchBrowser" time="12.950"/>
  <system-out/>
  <testcase classname="seleniumtest.Seleniumtest" name="amazon" time="7.498"/>
  <system-out/>
</testsuite> <!-- seleniumtest.Seleniumtest -->
